<?xml version="1.0" encoding="UTF-8"?>
<!-- Generated by org.testng.reporters.JUnitReportReporter -->
<testsuite skipped="0" hostname="DESKTOP-CT418TE" name="com.crm.qa.testcases.HomePageTest" tests="1" failures="0" timestamp="10 Oct 2018 10:05:14 GMT" time="13.662" errors="0">
  <testcase name="verifyHomePageTitleTest" time="13.662" classname="com.crm.qa.testcases.HomePageTest"/>
</testsuite> <!-- com.crm.qa.testcases.HomePageTest -->
